<?xml version="1.0" encoding="UTF-8"?>
<!-- Generated by org.testng.reporters.JUnitReportReporter -->
<testsuite hostname="DESKTOP-BS0P9ML" failures="0" tests="2" name="Execution.Runner" time="10.730" errors="0" timestamp="2025-08-28T08:15:52 IST" skipped="0">
  <testcase classname="Execution.Runner" name="runScenario" time="3.253"/>
  <system-out/>
  <testcase classname="Execution.Runner" name="runScenario" time="7.477"/>
  <system-out/>
</testsuite> <!-- Execution.Runner -->
