<?xml version="1.0" encoding="UTF-8"?>
<!-- Generated by org.testng.reporters.JUnitReportReporter -->
<testsuite hostname="Himanshu" failures="0" tests="2" name="Execution.Runner" time="6.195" errors="0" timestamp="2025-10-01T08:14:36 IST" skipped="0">
  <testcase classname="Execution.Runner" name="runScenario" time="2.217"/>
  <system-out/>
  <testcase classname="Execution.Runner" name="runScenario" time="3.978"/>
  <system-out/>
</testsuite> <!-- Execution.Runner -->
