<?xml version="1.0" encoding="UTF-8"?>
<!-- Generated by org.testng.reporters.JUnitReportReporter -->
<testsuite hostname="Himanshu" failures="0" tests="2" name="Execution.Runner" time="5.606" errors="0" timestamp="2025-10-04T16:51:06 IST" skipped="0">
  <testcase classname="Execution.Runner" name="runScenario" time="3.245"/>
  <system-out/>
  <testcase classname="Execution.Runner" name="runScenario" time="2.361"/>
  <system-out/>
</testsuite> <!-- Execution.Runner -->
